2026-03-30 02:34:29:3429 [31merror[39m: [31mInitialization failed password authentication failed for user "postgres"[39m
2026-03-30 02:38:56:3856 [31merror[39m: [31mInitialization failed database "printwave" does not exist[39m
2026-03-30 02:40:32:4032 [31merror[39m: [31mInitialization failed Column type for ProductImage#productId is not defined and cannot be guessed. Make sure you have turned on an "emitDecoratorMetadata": true option in tsconfig.json. Also make sure you have imported "reflect-metadata" on top of the main entry file in your application (before any entity imported).If you are using JavaScript instead of TypeScript you must explicitly provide a column type.[39m
2026-03-30 02:42:03:423 [31merror[39m: [31mInitialization failed Column type for Coupon#code is not defined and cannot be guessed. Make sure you have turned on an "emitDecoratorMetadata": true option in tsconfig.json. Also make sure you have imported "reflect-metadata" on top of the main entry file in your application (before any entity imported).If you are using JavaScript instead of TypeScript you must explicitly provide a column type.[39m
2026-03-30 02:42:18:4218 [31merror[39m: [31mInitialization failed Column type for Coupon#code is not defined and cannot be guessed. Make sure you have turned on an "emitDecoratorMetadata": true option in tsconfig.json. Also make sure you have imported "reflect-metadata" on top of the main entry file in your application (before any entity imported).If you are using JavaScript instead of TypeScript you must explicitly provide a column type.[39m
2026-03-30 04:24:33:2433 [31merror[39m: [31mnull value in column "category_id" of relation "products" violates not-null constraint[39m
2026-04-12 22:05:45:545 [31merror[39m: [31mInitialization failed connect ECONNREFUSED 127.0.0.1:5432[39m
2026-04-12 22:22:11:2211 [31merror[39m: [31mInitialization failed connect ECONNREFUSED 127.0.0.1:5432[39m
2026-04-12 22:23:43:2343 [31merror[39m: [31mInitialization failed connect ECONNREFUSED 127.0.0.1:5432[39m
2026-04-12 22:50:04:504 [31merror[39m: [31mInitialization failed database "printwave" does not exist[39m
2026-04-13 00:15:26:1526 [31merror[39m: [31mcolumn "monthnum" does not exist[39m
2026-04-13 00:15:50:1550 [31merror[39m: [31mcolumn "monthnum" does not exist[39m
2026-04-13 00:15:50:1550 [31merror[39m: [31mcolumn "monthnum" does not exist[39m
2026-04-14 14:23:26:2326 [31merror[39m: [31mInitialization failed column "productType" of relation "products" contains null values[39m
2026-04-14 14:28:28:2828 [31merror[39m: [31mInitialization failed column "productType" of relation "products" contains null values[39m
2026-04-14 14:28:51:2851 [31merror[39m: [31mInitialization failed column "productType" of relation "products" contains null values[39m
2026-04-14 14:29:09:299 [31merror[39m: [31mInitialization failed column "productType" of relation "products" contains null values[39m
2026-04-14 14:30:27:3027 [31merror[39m: [31mInitialization failed column "productType" of relation "products" contains null values[39m
2026-04-14 14:32:42:3242 [31merror[39m: [31mInitialization failed column "productType" of relation "products" contains null values[39m
2026-04-14 14:33:10:3310 [31merror[39m: [31mInitialization failed column "productType" of relation "products" contains null values[39m
2026-04-14 14:33:30:3330 [31merror[39m: [31mInitialization failed column "productType" of relation "products" contains null values[39m
2026-04-14 14:33:39:3339 [31merror[39m: [31mInitialization failed column "productType" of relation "products" contains null values[39m
2026-04-14 14:41:22:4122 [31merror[39m: [31mInitialization failed column "productType" of relation "products" contains null values[39m
2026-04-14 14:41:34:4134 [31merror[39m: [31mInitialization failed column "productType" of relation "products" contains null values[39m
2026-04-14 14:41:43:4143 [31merror[39m: [31mInitialization failed column "productType" of relation "products" contains null values[39m
2026-04-14 14:42:57:4257 [31merror[39m: [31mInitialization failed column "productType" of relation "products" contains null values[39m
2026-04-14 14:43:08:438 [31merror[39m: [31mInitialization failed column "productType" of relation "products" contains null values[39m
2026-04-14 14:45:01:451 [31merror[39m: [31mInitialization failed column "productType" of relation "products" contains null values[39m
2026-04-14 14:59:29:5929 [31merror[39m: [31mrequest entity too large[39m
